<?xml version="1.0" encoding="UTF-8"?>
<!-- Generated by org.testng.reporters.JUnitXMLReporter -->
<testsuite ignored="0" hostname="Rv" failures="0" tests="3" name="Default test" time="9.903" errors="0" timestamp="2023-02-15T22:31:39 IST">
  <testcase classname="mainCode.ValidateLoginPage" name="Email_Case_Insensitive_Verification" time="2.635"/>
  <testcase classname="mainCode.ValidateLoginPage" name="VerifySpellingLoginPage" time="0.433"/>
  <testcase classname="mainCode.ValidateLoginPage" name="validateLoginLinkOnHomePage" time="0.376"/>
</testsuite> <!-- Default test -->
