<?xml version="1.0" encoding="UTF-8"?>
<!-- Generated by org.testng.reporters.JUnitXMLReporter -->
<testsuite ignored="0" hostname="Rv" failures="0" tests="3" name="InteraceTesting" time="8.002" errors="0" timestamp="2023-02-16T22:48:10 IST">
  <testcase classname="mainCode.UITesting" name="VerifyAccountPageTitle" time="3.383"/>
  <testcase classname="mainCode.UITesting" name="VerifyHomePageTitle" time="0.008"/>
  <testcase classname="mainCode.UITesting" name="VerifyLoginPageTitle" time="0.246"/>
</testsuite> <!-- InteraceTesting -->
