<?xml version="1.0" encoding="UTF-8"?>
<!-- Generated by org.testng.reporters.JUnitReportReporter -->
<testsuite hostname="Rv" failures="0" tests="3" name="mainCode.UITesting" time="9.610" errors="0" timestamp="2023-02-15T22:20:29 IST" skipped="0">
  <testcase classname="mainCode.UITesting" name="VerifyAccountPageTitle" time="4.448"/>
  <system-out/>
  <testcase classname="mainCode.UITesting" name="VerifyLoginPageTitle" time="3.405"/>
  <system-out/>
  <testcase classname="mainCode.UITesting" name="VerifyHomePageTitle" time="1.757"/>
  <system-out/>
</testsuite> <!-- mainCode.UITesting -->
