<?xml version="1.0" encoding="UTF-8"?>
<!-- Generated by org.testng.reporters.JUnitReportReporter -->
<testsuite hostname="Rv" failures="0" tests="3" name="mainCode.UITesting" time="9.410" errors="0" timestamp="2023-02-13T19:38:34 IST" skipped="0">
  <testcase classname="mainCode.UITesting" name="VerifyHomePageTitle" time="1.821"/>
  <system-out/>
  <testcase classname="mainCode.UITesting" name="VerifyAccountPageTitle" time="4.248"/>
  <system-out/>
  <testcase classname="mainCode.UITesting" name="VerifyLoginPageTitle" time="3.341"/>
  <system-out/>
</testsuite> <!-- mainCode.UITesting -->
