<?xml version="1.0" encoding="UTF-8"?>
<!-- Generated by org.testng.reporters.JUnitReportReporter -->
<testsuite hostname="Rv" failures="0" tests="3" name="mainCode.ValidateLinks" time="30.541" errors="0" timestamp="2023-02-15T22:20:29 IST" skipped="0">
  <testcase classname="mainCode.ValidateLinks" name="ValidatefooterLinks" time="17.209"/>
  <system-out/>
  <testcase classname="mainCode.ValidateLinks" name="ValidatemainLinks" time="6.597"/>
  <system-out/>
  <testcase classname="mainCode.ValidateLinks" name="ValidateasideLinks" time="6.735"/>
  <system-out/>
</testsuite> <!-- mainCode.ValidateLinks -->
