<?xml version="1.0" encoding="UTF-8"?>
<!-- Generated by org.testng.reporters.JUnitReportReporter -->
<testsuite hostname="Rv" failures="0" tests="13" name="mainCode.ValidateRegisterationPage" time="55.217" errors="0" timestamp="2023-02-15T22:20:29 IST" skipped="0">
  <testcase classname="mainCode.ValidateRegisterationPage" name="VeriyasideRegisterLinkWorkInLoginPage" time="2.524"/>
  <system-out/>
  <testcase classname="mainCode.ValidateRegisterationPage" name="VerifyEmailfieldacceptOnlyacceptvalidemail" time="4.629"/>
  <system-out/>
  <testcase classname="mainCode.ValidateRegisterationPage" name="ValidateRegisterAfterclickinRegister" time="2.588"/>
  <system-out/>
  <testcase classname="mainCode.ValidateRegisterationPage" name="VerifyLoginlinkWorkInRegisterPage" time="2.389"/>
  <system-out/>
  <testcase classname="mainCode.ValidateRegisterationPage" name="VeriyRegisterPageWithoutLastFirstNme" time="6.597"/>
  <system-out/>
  <testcase classname="mainCode.ValidateRegisterationPage" name="Registerwithoutclickingprivacycheckbox" time="6.483"/>
  <system-out/>
  <testcase classname="mainCode.ValidateRegisterationPage" name="Validatetheregistrationtitleafterrefresh" time="2.339"/>
  <system-out/>
  <testcase classname="mainCode.ValidateRegisterationPage" name="ValidateErrorMessageRegisterWithalreadyExistEmail" time="5.650"/>
  <system-out/>
  <testcase classname="mainCode.ValidateRegisterationPage" name="VeriyRegisterPageWithoutEnterFirstNme" time="6.716"/>
  <system-out/>
  <testcase classname="mainCode.ValidateRegisterationPage" name="VerifytheSpellinginRegistrationFields" time="2.317"/>
  <system-out/>
  <testcase classname="mainCode.ValidateRegisterationPage" name="ValidaterefreshthePageOnRegistration" time="2.413"/>
  <system-out/>
  <testcase classname="mainCode.ValidateRegisterationPage" name="ValidateifUserEnterdataAfterreshdatawillbecleared" time="7.926"/>
  <system-out/>
  <testcase classname="mainCode.ValidateRegisterationPage" name="VerifyRegisterationPageLinkWorkInLoginPage" time="2.646"/>
  <system-out/>
</testsuite> <!-- mainCode.ValidateRegisterationPage -->
