<?xml version="1.0" encoding="UTF-8"?>
<!-- Generated by org.testng.reporters.JUnitReportReporter -->
<testsuite hostname="Rv" failures="0" tests="3" name="mainCode.ValidateLinks" time="27.273" errors="0" timestamp="2023-02-13T19:38:34 IST" skipped="0">
  <testcase classname="mainCode.ValidateLinks" name="ValidatemainLinks" time="6.483"/>
  <system-out/>
  <testcase classname="mainCode.ValidateLinks" name="ValidateasideLinks" time="6.991"/>
  <system-out/>
  <testcase classname="mainCode.ValidateLinks" name="ValidatefooterLinks" time="13.799"/>
  <system-out/>
</testsuite> <!-- mainCode.ValidateLinks -->
