<?xml version="1.0" encoding="UTF-8"?>
<!-- Generated by org.testng.reporters.JUnitReportReporter -->
<testsuite hostname="Rv" failures="0" tests="13" name="mainCode.ValidateRegisterationPage" time="53.480" errors="0" timestamp="2023-02-13T19:38:34 IST" skipped="0">
  <testcase classname="mainCode.ValidateRegisterationPage" name="VerifytheSpellinginRegistrationFields" time="2.153"/>
  <system-out/>
  <testcase classname="mainCode.ValidateRegisterationPage" name="VerifyLoginlinkWorkInRegisterPage" time="2.317"/>
  <system-out/>
  <testcase classname="mainCode.ValidateRegisterationPage" name="VerifyRegisterationPageLinkWorkInLoginPage" time="2.314"/>
  <system-out/>
  <testcase classname="mainCode.ValidateRegisterationPage" name="ValidateifUserEnterdataAfterreshdatawillbecleared" time="7.740"/>
  <system-out/>
  <testcase classname="mainCode.ValidateRegisterationPage" name="Registerwithoutclickingprivacycheckbox" time="6.473"/>
  <system-out/>
  <testcase classname="mainCode.ValidateRegisterationPage" name="ValidaterefreshthePageOnRegistration" time="2.325"/>
  <system-out/>
  <testcase classname="mainCode.ValidateRegisterationPage" name="VerifyEmailfieldacceptOnlyacceptvalidemail" time="4.448"/>
  <system-out/>
  <testcase classname="mainCode.ValidateRegisterationPage" name="VeriyRegisterPageWithoutLastFirstNme" time="6.513"/>
  <system-out/>
  <testcase classname="mainCode.ValidateRegisterationPage" name="ValidateRegisterAfterclickinRegister" time="2.434"/>
  <system-out/>
  <testcase classname="mainCode.ValidateRegisterationPage" name="VeriyasideRegisterLinkWorkInLoginPage" time="2.353"/>
  <system-out/>
  <testcase classname="mainCode.ValidateRegisterationPage" name="Validatetheregistrationtitleafterrefresh" time="2.358"/>
  <system-out/>
  <testcase classname="mainCode.ValidateRegisterationPage" name="ValidateErrorMessageRegisterWithalreadyExistEmail" time="5.469"/>
  <system-out/>
  <testcase classname="mainCode.ValidateRegisterationPage" name="VeriyRegisterPageWithoutEnterFirstNme" time="6.583"/>
  <system-out/>
</testsuite> <!-- mainCode.ValidateRegisterationPage -->
