<?xml version="1.0" encoding="UTF-8"?>
<!-- Generated by org.testng.reporters.JUnitReportReporter -->
<testsuite hostname="Rv" failures="0" tests="3" name="mainCode.ValidateLoginPage" time="9.868" errors="0" timestamp="2023-02-15T22:31:40 IST" skipped="0">
  <testcase classname="mainCode.ValidateLoginPage" name="VerifySpellingLoginPage" time="2.334"/>
  <system-out/>
  <testcase classname="mainCode.ValidateLoginPage" name="validateLoginLinkOnHomePage" time="3.055"/>
  <system-out/>
  <testcase classname="mainCode.ValidateLoginPage" name="Email_Case_Insensitive_Verification" time="4.479"/>
  <system-out/>
</testsuite> <!-- mainCode.ValidateLoginPage -->
