<?xml version="1.0" encoding="UTF-8"?>
<testng-results ignored="0" total="1" passed="1" failed="0" skipped="0">
  <reporter-output>
  </reporter-output>
  <suite started-at="2023-03-15T14:45:11 IST" name="Suite" finished-at="2023-03-15T14:45:42 IST" duration-ms="30764">
    <groups>
    </groups>
    <test started-at="2023-03-15T14:45:11 IST" name="Endtoend" finished-at="2023-03-15T14:45:42 IST" duration-ms="30764">
      <class name="mainCode.EndToEnd">
        <test-method is-config="true" signature="HomePage()[pri:0, instance:mainCode.EndToEnd@3697186]" started-at="2023-03-15T14:45:11 IST" name="HomePage" finished-at="2023-03-15T14:45:14 IST" duration-ms="3123" status="PASS">
          <reporter-output>
          </reporter-output>
        </test-method> <!-- HomePage -->
        <test-method signature="EndToEndPage()[pri:0, instance:mainCode.EndToEnd@3697186]" started-at="2023-03-15T14:45:14 IST" name="EndToEndPage" finished-at="2023-03-15T14:45:42 IST" duration-ms="27212" status="PASS">
          <reporter-output>
          </reporter-output>
        </test-method> <!-- EndToEndPage -->
        <test-method is-config="true" signature="QuitBrowser()[pri:0, instance:mainCode.EndToEnd@3697186]" started-at="2023-03-15T14:45:42 IST" name="QuitBrowser" finished-at="2023-03-15T14:45:42 IST" duration-ms="397" status="PASS">
          <reporter-output>
          </reporter-output>
        </test-method> <!-- QuitBrowser -->
      </class> <!-- mainCode.EndToEnd -->
    </test> <!-- Endtoend -->
  </suite> <!-- Suite -->
</testng-results>
