<?xml version="1.0" encoding="UTF-8"?>
<testng-results ignored="0" total="3" passed="3" failed="0" skipped="0">
  <reporter-output>
  </reporter-output>
  <suite started-at="2023-02-15T22:31:29 IST" name="Default suite" finished-at="2023-02-15T22:31:39 IST" duration-ms="9903">
    <groups>
    </groups>
    <test started-at="2023-02-15T22:31:29 IST" name="Default test" finished-at="2023-02-15T22:31:39 IST" duration-ms="9903">
      <class name="mainCode.ValidateLoginPage">
        <test-method is-config="true" signature="HomePage()[pri:0, instance:mainCode.ValidateLoginPage@7133da86]" started-at="2023-02-15T22:31:29 IST" name="HomePage" finished-at="2023-02-15T22:31:32 IST" duration-ms="2497" status="PASS">
          <reporter-output>
          </reporter-output>
        </test-method> <!-- HomePage -->
        <test-method signature="Email_Case_Insensitive_Verification()[pri:0, instance:mainCode.ValidateLoginPage@7133da86]" started-at="2023-02-15T22:31:32 IST" name="Email_Case_Insensitive_Verification" finished-at="2023-02-15T22:31:35 IST" duration-ms="2635" status="PASS">
          <reporter-output>
          </reporter-output>
        </test-method> <!-- Email_Case_Insensitive_Verification -->
        <test-method is-config="true" signature="QuitBrowser()[pri:0, instance:mainCode.ValidateLoginPage@7133da86]" started-at="2023-02-15T22:31:35 IST" name="QuitBrowser" finished-at="2023-02-15T22:31:35 IST" duration-ms="182" status="PASS">
          <reporter-output>
          </reporter-output>
        </test-method> <!-- QuitBrowser -->
        <test-method is-config="true" signature="HomePage()[pri:0, instance:mainCode.ValidateLoginPage@7133da86]" started-at="2023-02-15T22:31:35 IST" name="HomePage" finished-at="2023-02-15T22:31:36 IST" duration-ms="1671" status="PASS">
          <reporter-output>
          </reporter-output>
        </test-method> <!-- HomePage -->
        <test-method signature="VerifySpellingLoginPage()[pri:0, instance:mainCode.ValidateLoginPage@7133da86]" started-at="2023-02-15T22:31:36 IST" name="VerifySpellingLoginPage" finished-at="2023-02-15T22:31:37 IST" duration-ms="433" status="PASS">
          <reporter-output>
          </reporter-output>
        </test-method> <!-- VerifySpellingLoginPage -->
        <test-method is-config="true" signature="QuitBrowser()[pri:0, instance:mainCode.ValidateLoginPage@7133da86]" started-at="2023-02-15T22:31:37 IST" name="QuitBrowser" finished-at="2023-02-15T22:31:37 IST" duration-ms="150" status="PASS">
          <reporter-output>
          </reporter-output>
        </test-method> <!-- QuitBrowser -->
        <test-method is-config="true" signature="HomePage()[pri:0, instance:mainCode.ValidateLoginPage@7133da86]" started-at="2023-02-15T22:31:37 IST" name="HomePage" finished-at="2023-02-15T22:31:39 IST" duration-ms="1751" status="PASS">
          <reporter-output>
          </reporter-output>
        </test-method> <!-- HomePage -->
        <test-method signature="validateLoginLinkOnHomePage()[pri:0, instance:mainCode.ValidateLoginPage@7133da86]" started-at="2023-02-15T22:31:39 IST" name="validateLoginLinkOnHomePage" finished-at="2023-02-15T22:31:39 IST" duration-ms="376" status="PASS">
          <reporter-output>
          </reporter-output>
        </test-method> <!-- validateLoginLinkOnHomePage -->
        <test-method is-config="true" signature="QuitBrowser()[pri:0, instance:mainCode.ValidateLoginPage@7133da86]" started-at="2023-02-15T22:31:39 IST" name="QuitBrowser" finished-at="2023-02-15T22:31:39 IST" duration-ms="173" status="PASS">
          <reporter-output>
          </reporter-output>
        </test-method> <!-- QuitBrowser -->
      </class> <!-- mainCode.ValidateLoginPage -->
    </test> <!-- Default test -->
  </suite> <!-- Default suite -->
</testng-results>
