<?xml version="1.0" encoding="UTF-8"?>
<!-- Generated by org.testng.reporters.JUnitXMLReporter -->
<testsuite ignored="0" hostname="Rv" failures="0" tests="3" name="InteraceTesting" time="9.418" errors="0" timestamp="2023-02-13T19:37:41 IST">
  <testcase classname="mainCode.UITesting" name="VerifyAccountPageTitle" time="2.559"/>
  <testcase classname="mainCode.UITesting" name="VerifyHomePageTitle" time="0.007"/>
  <testcase classname="mainCode.UITesting" name="VerifyLoginPageTitle" time="1.575"/>
</testsuite> <!-- InteraceTesting -->
