<?xml version="1.0" encoding="UTF-8"?>
<!-- Generated by org.testng.reporters.JUnitXMLReporter -->
<testsuite ignored="0" hostname="Rv" failures="0" tests="3" name="linksvalidate" time="30.549" errors="0" timestamp="2023-02-15T22:19:16 IST">
  <testcase classname="mainCode.ValidateLinks" name="ValidateasideLinks" time="4.757"/>
  <testcase classname="mainCode.ValidateLinks" name="ValidatefooterLinks" time="15.105"/>
  <testcase classname="mainCode.ValidateLinks" name="ValidatemainLinks" time="4.394"/>
</testsuite> <!-- linksvalidate -->
