<?xml version="1.0" encoding="UTF-8"?>
<!-- Generated by org.testng.reporters.JUnitXMLReporter -->
<testsuite ignored="0" hostname="Rv" failures="0" tests="3" name="linksvalidate" time="70.346" errors="0" timestamp="2023-02-16T22:48:02 IST">
  <testcase classname="mainCode.ValidateLinks" name="ValidateasideLinks" time="5.407"/>
  <testcase classname="mainCode.ValidateLinks" name="ValidatefooterLinks" time="54.361"/>
  <testcase classname="mainCode.ValidateLinks" name="ValidatemainLinks" time="5.311"/>
</testsuite> <!-- linksvalidate -->
