<?xml version="1.0" encoding="UTF-8"?>
<!-- Generated by org.testng.reporters.JUnitXMLReporter -->
<testsuite ignored="0" hostname="Rv" failures="0" tests="11" name="validateLoginpage" time="35.611" errors="0" timestamp="2023-02-16T22:49:32 IST">
  <testcase classname="mainCode.ValidateLoginPage" name="Email_Case_Insensitive_Verification" time="2.387"/>
  <testcase classname="mainCode.ValidateLoginPage" name="LoginWithOutCredential" time="1.269"/>
  <testcase classname="mainCode.ValidateLoginPage" name="LoginWithOutEmail" time="3.398"/>
  <testcase classname="mainCode.ValidateLoginPage" name="LoginWithoutPassword" time="3.388"/>
  <testcase classname="mainCode.ValidateLoginPage" name="VerifyForgetpasswordPage" time="0.424"/>
  <testcase classname="mainCode.ValidateLoginPage" name="VerifySpellingLoginPage" time="0.314"/>
  <testcase classname="mainCode.ValidateLoginPage" name="VerifyTiltleAfterLogin" time="3.363"/>
  <testcase classname="mainCode.ValidateLoginPage" name="VerifyasideForgetpasswordLink" time="0.389"/>
  <testcase classname="mainCode.ValidateLoginPage" name="validateLoginLinkOnHomePage" time="0.227"/>
  <testcase classname="mainCode.ValidateLoginPage" name="verify_refresh_loginpage" time="1.506"/>
  <testcase classname="mainCode.ValidateLoginPage" name="withValidcredential" time="3.387"/>
</testsuite> <!-- validateLoginpage -->
