<?xml version="1.0" encoding="UTF-8"?>
<!-- Generated by org.testng.reporters.JUnitXMLReporter -->
<testsuite ignored="0" hostname="Rv" failures="1" tests="3" name="validateLoginpage" time="7.682" errors="0" timestamp="2023-02-15T22:20:29 IST">
  <testcase classname="mainCode.ValidateLoginPage" name="Email_Case_Insensitive_Verification" time="1.621">
    <failure type="java.lang.AssertionError" message="expected [My Account] but found [Account Login]">
      <![CDATA[java.lang.AssertionError: expected [My Account] but found [Account Login]
at mainCode.ValidateLoginPage.Email_Case_Insensitive_Verification(ValidateLoginPage.java:46)
at java.base/java.util.ArrayList.forEach(ArrayList.java:1511)
... Removed 33 stack frames]]>
    </failure>
  </testcase> <!-- Email_Case_Insensitive_Verification -->
  <testcase classname="mainCode.ValidateLoginPage" name="VerifySpellingLoginPage" time="0.435"/>
  <testcase classname="mainCode.ValidateLoginPage" name="validateLoginLinkOnHomePage" time="0.325"/>
</testsuite> <!-- validateLoginpage -->
